
Video: Joe Rogan Reacts To Trump’s Hilarious Rant.mp4
  Cut 4-5 | SSIM=0.235, MSE=12517.8 | Time=00:00
  Cut 12-13 | SSIM=0.189, MSE=10342.9 | Time=00:01
  Cut 24-25 | SSIM=0.236, MSE=9458.2 | Time=00:02
  Cut 36-37 | SSIM=0.271, MSE=11924.6 | Time=00:03
  Cut 41-42 | SSIM=0.280, MSE=11574.1 | Time=00:04
  Cut 54-55 | SSIM=0.308, MSE=11577.7 | Time=00:05
  Cut 62-63 | SSIM=0.304, MSE=9645.6 | Time=00:06
  Cut 94-95 | SSIM=0.349, MSE=12392.7 | Time=00:09
  Cut 107-108 | SSIM=0.262, MSE=15789.7 | Time=00:10
  Cut 123-124 | SSIM=0.420, MSE=6782.2 | Time=00:12
  Cut 146-147 | SSIM=0.327, MSE=6760.7 | Time=00:14
  Cut 158-159 | SSIM=0.200, MSE=10649.3 | Time=00:15
--------------------------------------------------

Video: This Is What Peak Leftism Looks Like 🙄.mp4
  Cut 58-59 | SSIM=0.536, MSE=7422.3 | Time=00:05
  Cut 71-72 | SSIM=0.461, MSE=6714.2 | Time=00:07
--------------------------------------------------

Video: This Is What Peak Leftism Looks Like 🙄.mp4
  Cut 58-59 | SSIM=0.536, MSE=7422.3 | Time=00:05
  Cut 71-72 | SSIM=0.461, MSE=6714.2 | Time=00:07
--------------------------------------------------

Video: This Is What Peak Leftism Looks Like 🙄.mp4
  Cut 58-59 | SSIM=0.536, MSE=7422.3 | Time=00:05
  Cut 71-72 | SSIM=0.461, MSE=6714.2 | Time=00:07
--------------------------------------------------

Video: This Is What Peak Leftism Looks Like 🙄.mp4
  Cut 58-59 | SSIM=0.536, MSE=7422.3 | Time=00:05
  Cut 71-72 | SSIM=0.461, MSE=6714.2 | Time=00:07
--------------------------------------------------

Video: Bro is a legend #shorts #funnyshorts.mp4
  No significant cuts detected.
--------------------------------------------------

Video: Bro is a legend #shorts #funnyshorts.mp4
  No significant cuts detected.
--------------------------------------------------

Video: Bro is a legend #shorts #funnyshorts.mp4
  No significant cuts detected.
--------------------------------------------------

Video: Bro is a legend #shorts #funnyshorts.mp4
  No significant cuts detected.
--------------------------------------------------

Video: Bro is a legend #shorts #funnyshorts.mp4
  No significant cuts detected.
--------------------------------------------------

Video: Bro is a legend #shorts #funnyshorts.mp4
  Cut 87-88 | SSIM=0.669, MSE=1616.4 | Time=00:04
  Cut 109-110 | SSIM=0.638, MSE=3027.9 | Time=00:05
--------------------------------------------------

Video: Bro is a legend #shorts #funnyshorts.mp4
  Cut 109-110 | SSIM=0.638, MSE=3027.9 | Time=00:05
--------------------------------------------------

Video: This Is What Peak Leftism Looks Like 🙄.mp4
  Cut 87-88 | SSIM=0.535, MSE=7467.5 | Time=00:04
  Cut 106-107 | SSIM=0.459, MSE=6738.5 | Time=00:05
  Cut 155-156 | SSIM=0.511, MSE=3684.9 | Time=00:07
--------------------------------------------------

Video: This Is What Peak Leftism Looks Like 🙄.mp4
  Cut 106-107 | SSIM=0.459, MSE=6738.5 | Time=00:05
--------------------------------------------------

Video: Bro is a legend #shorts #funnyshorts.mp4
  No significant cuts detected.
--------------------------------------------------

Video: This Is What Peak Leftism Looks Like 🙄.mp4
  Cut 40-45 | SSIM=0.641, MSE=3745.2 | Time=00:02
--------------------------------------------------

Video: This Is What Peak Leftism Looks Like 🙄.mp4
  No significant cuts detected.
--------------------------------------------------

Video: This Is What Peak Leftism Looks Like 🙄.mp4
  No significant cuts detected.
--------------------------------------------------

Video: Bro is a legend #shorts #funnyshorts.mp4
  Cut 109-110 | SSIM=0.638, MSE=3027.9 | Time=00:05
--------------------------------------------------

Video: This Is What Peak Leftism Looks Like 🙄.mp4
  Cut 87-88 | SSIM=0.535, MSE=7467.5 | Time=00:04
  Cut 106-107 | SSIM=0.459, MSE=6738.5 | Time=00:05
  Cut 155-156 | SSIM=0.511, MSE=3684.9 | Time=00:07
--------------------------------------------------

Video: This Is What Peak Leftism Looks Like 🙄.mp4
  Cut 87-88 | SSIM=0.535, MSE=7467.5 | Time=00:04
  Cut 106-107 | SSIM=0.459, MSE=6738.5 | Time=00:05
  Cut 119-120 | SSIM=0.494, MSE=2582.6 | Time=00:06
--------------------------------------------------

Video: This Is What Peak Leftism Looks Like 🙄.mp4
  Cut 87-88 | SSIM=0.535, MSE=7467.5 | Time=00:04
  Cut 106-107 | SSIM=0.459, MSE=6738.5 | Time=00:05
  Cut 119-120 | SSIM=0.494, MSE=2582.6 | Time=00:06
--------------------------------------------------

Video: This Is What Peak Leftism Looks Like 🙄.mp4
  Cut 87-88 | SSIM=0.535, MSE=7467.5 | Time=00:04
  Cut 106-107 | SSIM=0.459, MSE=6738.5 | Time=00:05
--------------------------------------------------

Video: Bro is a legend #shorts #funnyshorts.mp4
  No significant cuts detected.
--------------------------------------------------

Video: Bro is a legend #shorts #funnyshorts.mp4
  Cut 109-110 | SSIM=0.638, MSE=3027.9 | Time=00:05
--------------------------------------------------

Video: This Is What Peak Leftism Looks Like 🙄.mp4
  Cut 87-88 | SSIM=0.535, MSE=7467.5 | Time=00:04
  Cut 106-107 | SSIM=0.459, MSE=6738.5 | Time=00:05
  Cut 155-156 | SSIM=0.511, MSE=3684.9 | Time=00:07
--------------------------------------------------

Video: Bro is a legend #shorts #funnyshorts.mp4
  No significant cuts detected.
--------------------------------------------------
